<?xml version="1.0" encoding="UTF-8"?>
<!-- Generated by org.testng.reporters.JUnitReportReporter -->
<testsuite name="MavenProject.MavenTest.homepage.TC001_VerifyLoginWithInvalidCredentials" tests="1" time="22.967" ignored="0" failures="0" timestamp="28 May 2017 07:44:55 GMT" skipped="0" hostname="mac-PC" errors="0">
  <testcase name="VerifyLoginWithInvalidCredentials" time="22.967" classname="MavenProject.MavenTest.homepage.TC001_VerifyLoginWithInvalidCredentials"/>
</testsuite> <!-- MavenProject.MavenTest.homepage.TC001_VerifyLoginWithInvalidCredentials -->
