<?xml version="1.0" encoding="UTF-8" ?>
<testsuite tests="1" failures="0" name="MavenProject.MavenTest.AppTest" time="0.008" errors="0" skipped="0">
  <properties>
    <property name="java.runtime.name" value="Java(TM) SE Runtime Environment"/>
    <property name="sun.boot.library.path" value="E:\Misc2\java\eclipse-jee-kepler-R-win32-x86_64\eclipse\jre\bin"/>
    <property name="java.vm.version" value="25.45-b02"/>
    <property name="java.vm.vendor" value="Oracle Corporation"/>
    <property name="java.vendor.url" value="http://java.oracle.com/"/>
    <property name="path.separator" value=";"/>
    <property name="guice.disable.misplaced.annotation.check" value="true"/>
    <property name="java.vm.name" value="Java HotSpot(TM) 64-Bit Server VM"/>
    <property name="file.encoding.pkg" value="sun.io"/>
    <property name="user.script" value=""/>
    <property name="user.country" value="US"/>
    <property name="sun.java.launcher" value="SUN_STANDARD"/>
    <property name="sun.os.patch.level" value=""/>
    <property name="java.vm.specification.name" value="Java Virtual Machine Specification"/>
    <property name="user.dir" value="D:\javarun\MavenTest"/>
    <property name="java.runtime.version" value="1.8.0_45-b14"/>
    <property name="java.awt.graphicsenv" value="sun.awt.Win32GraphicsEnvironment"/>
    <property name="java.endorsed.dirs" value="E:\Misc2\java\eclipse-jee-kepler-R-win32-x86_64\eclipse\jre\lib\endorsed"/>
    <property name="os.arch" value="amd64"/>
    <property name="java.io.tmpdir" value="C:\Users\mac\AppData\Local\Temp\"/>
    <property name="line.separator" value="
"/>
    <property name="java.vm.specification.vendor" value="Oracle Corporation"/>
    <property name="user.variant" value=""/>
    <property name="os.name" value="Windows 8.1"/>
    <property name="classworlds.conf" value="D:\javarun\.metadata\.plugins\org.eclipse.m2e.launching\launches\m2conf4075318614883576015.tmp"/>
    <property name="sun.jnu.encoding" value="Cp1252"/>
    <property name="java.library.path" value="E:\Misc2\java\eclipse-jee-kepler-R-win32-x86_64\eclipse\jre\bin;C:\WINDOWS\Sun\Java\bin;C:\WINDOWS\system32;C:\WINDOWS;E:/Misc2/java/eclipse-jee-kepler-R-win32-x86_64/eclipse/jre/bin/server;E:/Misc2/java/eclipse-jee-kepler-R-win32-x86_64/eclipse/jre/bin;E:/Misc2/java/eclipse-jee-kepler-R-win32-x86_64/eclipse/jre/lib/amd64;C:\Windows\System32;C:\Users\mac\AppData\Local\Programs\Python\Python35-32\Scripts\;C:\Users\mac\AppData\Local\Programs\Python\Python35-32\;C:\Program Files\Java\jdk1.7.0_79\bin;E:\Misc2\java\eclipse-jee-kepler-R-win32-x86_64\eclipse;;."/>
    <property name="java.specification.name" value="Java Platform API Specification"/>
    <property name="java.class.version" value="52.0"/>
    <property name="sun.management.compiler" value="HotSpot 64-Bit Tiered Compilers"/>
    <property name="os.version" value="6.3"/>
    <property name="user.home" value="C:\Users\mac"/>
    <property name="user.timezone" value="Asia/Calcutta"/>
    <property name="java.awt.printerjob" value="sun.awt.windows.WPrinterJob"/>
    <property name="java.specification.version" value="1.8"/>
    <property name="file.encoding" value="Cp1252"/>
    <property name="user.name" value="Mac"/>
    <property name="java.class.path" value="/E:/Misc2/java/eclipse-jee-kepler-R-win32-x86_64/eclipse/configuration/org.eclipse.osgi/bundles/531/1/.cp/jars/plexus-classworlds-2.4.jar"/>
    <property name="java.vm.specification.version" value="1.8"/>
    <property name="sun.arch.data.model" value="64"/>
    <property name="java.home" value="E:\Misc2\java\eclipse-jee-kepler-R-win32-x86_64\eclipse\jre"/>
    <property name="sun.java.command" value="org.codehaus.plexus.classworlds.launcher.Launcher -B test"/>
    <property name="java.specification.vendor" value="Oracle Corporation"/>
    <property name="user.language" value="en"/>
    <property name="awt.toolkit" value="sun.awt.windows.WToolkit"/>
    <property name="java.vm.info" value="mixed mode"/>
    <property name="java.version" value="1.8.0_45"/>
    <property name="java.ext.dirs" value="E:\Misc2\java\eclipse-jee-kepler-R-win32-x86_64\eclipse\jre\lib\ext;C:\WINDOWS\Sun\Java\lib\ext"/>
    <property name="sun.boot.class.path" value="E:\Misc2\java\eclipse-jee-kepler-R-win32-x86_64\eclipse\jre\lib\resources.jar;E:\Misc2\java\eclipse-jee-kepler-R-win32-x86_64\eclipse\jre\lib\rt.jar;E:\Misc2\java\eclipse-jee-kepler-R-win32-x86_64\eclipse\jre\lib\sunrsasign.jar;E:\Misc2\java\eclipse-jee-kepler-R-win32-x86_64\eclipse\jre\lib\jsse.jar;E:\Misc2\java\eclipse-jee-kepler-R-win32-x86_64\eclipse\jre\lib\jce.jar;E:\Misc2\java\eclipse-jee-kepler-R-win32-x86_64\eclipse\jre\lib\charsets.jar;E:\Misc2\java\eclipse-jee-kepler-R-win32-x86_64\eclipse\jre\lib\jfr.jar;E:\Misc2\java\eclipse-jee-kepler-R-win32-x86_64\eclipse\jre\classes"/>
    <property name="java.vendor" value="Oracle Corporation"/>
    <property name="maven.home" value="D:\javarun\MavenTest\EMBEDDED"/>
    <property name="file.separator" value="\"/>
    <property name="java.vendor.url.bug" value="http://bugreport.sun.com/bugreport/"/>
    <property name="maven.bootclasspath" value="/E:/Misc2/java/eclipse-jee-kepler-R-win32-x86_64/eclipse/configuration/org.eclipse.osgi/bundles/531/1/.cp/jars/plexus-classworlds-2.4.jar"/>
    <property name="sun.cpu.endian" value="little"/>
    <property name="sun.io.unicode.encoding" value="UnicodeLittle"/>
    <property name="sun.desktop" value="windows"/>
    <property name="sun.cpu.isalist" value="amd64"/>
  </properties>
  <testcase classname="MavenProject.MavenTest.AppTest" name="testApp" time="0"/>
</testsuite>